[debug] [2022-10-27T18:56:05.511Z] ----------------------------------------------------------------------
[debug] [2022-10-27T18:56:05.513Z] Command:       C:\Program Files\nodejs\node.exe C:\Users\euhan\AppData\Roaming\npm\node_modules\firebase-tools\lib\bin\firebase.js deploy
[debug] [2022-10-27T18:56:05.514Z] CLI Version:   11.15.0
[debug] [2022-10-27T18:56:05.514Z] Platform:      win32
[debug] [2022-10-27T18:56:05.515Z] Node Version:  v16.18.0
[debug] [2022-10-27T18:56:05.516Z] Time:          Thu Oct 27 2022 11:56:05 GMT-0700 (Pacific Daylight Time)
[debug] [2022-10-27T18:56:05.516Z] ----------------------------------------------------------------------
[debug] 
[debug] [2022-10-27T18:56:05.615Z] > command requires scopes: ["email","openid","https://www.googleapis.com/auth/cloudplatformprojects.readonly","https://www.googleapis.com/auth/firebase","https://www.googleapis.com/auth/cloud-platform"]
[debug] [2022-10-27T18:56:05.616Z] > authorizing via signed-in user (euhansarkar@gmail.com)
[debug] [2022-10-27T18:56:05.616Z] [iam] checking project edu-layer for permissions ["firebase.projects.get","firebasehosting.sites.update"]
[debug] [2022-10-27T18:56:05.619Z] >>> [apiv2][query] POST https://cloudresourcemanager.googleapis.com/v1/projects/edu-layer:testIamPermissions [none]
[debug] [2022-10-27T18:56:05.620Z] >>> [apiv2][(partial)header] POST https://cloudresourcemanager.googleapis.com/v1/projects/edu-layer:testIamPermissions x-goog-quota-user=projects/edu-layer
[debug] [2022-10-27T18:56:05.620Z] >>> [apiv2][body] POST https://cloudresourcemanager.googleapis.com/v1/projects/edu-layer:testIamPermissions {"permissions":["firebase.projects.get","firebasehosting.sites.update"]}
[debug] [2022-10-27T18:56:05.680Z] [iam] error while checking permissions, command may fail: FirebaseError: Failed to make request to https://cloudresourcemanager.googleapis.com/v1/projects/edu-layer:testIamPermissions
[debug] [2022-10-27T18:56:05.682Z] >>> [apiv2][query] GET https://firebase.googleapis.com/v1beta1/projects/edu-layer [none]
[debug] [2022-10-27T18:56:05.722Z] Failed to make request to https://firebase.googleapis.com/v1beta1/projects/edu-layer
[debug] [2022-10-27T18:56:05.735Z] FirebaseError: Failed to make request to https://firebase.googleapis.com/v1beta1/projects/edu-layer
    at RetryOperation._fn (C:\Users\euhan\AppData\Roaming\npm\node_modules\firebase-tools\lib\apiv2.js:242:31)
    at processTicksAndRejections (node:internal/process/task_queues:96:5)
[error] 
[error] Error: Failed to get Firebase project edu-layer. Please make sure the project exists and your account has permission to access it.
[debug] [2022-10-27T18:56:21.745Z] ----------------------------------------------------------------------
[debug] [2022-10-27T18:56:21.748Z] Command:       C:\Program Files\nodejs\node.exe C:\Users\euhan\AppData\Roaming\npm\node_modules\firebase-tools\lib\bin\firebase.js deploy
[debug] [2022-10-27T18:56:21.749Z] CLI Version:   11.15.0
[debug] [2022-10-27T18:56:21.749Z] Platform:      win32
[debug] [2022-10-27T18:56:21.749Z] Node Version:  v16.18.0
[debug] [2022-10-27T18:56:21.750Z] Time:          Thu Oct 27 2022 11:56:21 GMT-0700 (Pacific Daylight Time)
[debug] [2022-10-27T18:56:21.750Z] ----------------------------------------------------------------------
[debug] 
[debug] [2022-10-27T18:56:21.847Z] > command requires scopes: ["email","openid","https://www.googleapis.com/auth/cloudplatformprojects.readonly","https://www.googleapis.com/auth/firebase","https://www.googleapis.com/auth/cloud-platform"]
[debug] [2022-10-27T18:56:21.848Z] > authorizing via signed-in user (euhansarkar@gmail.com)
[debug] [2022-10-27T18:56:21.848Z] [iam] checking project edu-layer for permissions ["firebase.projects.get","firebasehosting.sites.update"]
[debug] [2022-10-27T18:56:21.852Z] >>> [apiv2][query] POST https://cloudresourcemanager.googleapis.com/v1/projects/edu-layer:testIamPermissions [none]
[debug] [2022-10-27T18:56:21.852Z] >>> [apiv2][(partial)header] POST https://cloudresourcemanager.googleapis.com/v1/projects/edu-layer:testIamPermissions x-goog-quota-user=projects/edu-layer
[debug] [2022-10-27T18:56:21.852Z] >>> [apiv2][body] POST https://cloudresourcemanager.googleapis.com/v1/projects/edu-layer:testIamPermissions {"permissions":["firebase.projects.get","firebasehosting.sites.update"]}
[debug] [2022-10-27T18:56:21.925Z] [iam] error while checking permissions, command may fail: FirebaseError: Failed to make request to https://cloudresourcemanager.googleapis.com/v1/projects/edu-layer:testIamPermissions
[debug] [2022-10-27T18:56:21.927Z] >>> [apiv2][query] GET https://firebase.googleapis.com/v1beta1/projects/edu-layer [none]
[debug] [2022-10-27T18:56:21.984Z] Failed to make request to https://firebase.googleapis.com/v1beta1/projects/edu-layer
[debug] [2022-10-27T18:56:21.992Z] FirebaseError: Failed to make request to https://firebase.googleapis.com/v1beta1/projects/edu-layer
    at RetryOperation._fn (C:\Users\euhan\AppData\Roaming\npm\node_modules\firebase-tools\lib\apiv2.js:242:31)
    at processTicksAndRejections (node:internal/process/task_queues:96:5)
[error] 
[error] Error: Failed to get Firebase project edu-layer. Please make sure the project exists and your account has permission to access it.
